2026-06-11 11:20:50,492 [INFO] Fetching this week's meetings...
2026-06-11 11:20:50,492 [INFO] Fetching this week's meeting emails...
2026-06-11 11:20:51,476 [ERROR] IMAP error: b'[AUTHENTICATIONFAILED] Invalid credentials(Failure)'
2026-06-11 11:22:10,125 [INFO] Fetching this week's meetings...
2026-06-11 11:22:10,125 [INFO] Fetching this week's meeting emails...
2026-06-11 11:22:12,429 [ERROR] Unexpected error: 'keywords'
2026-06-11 11:22:54,850 [INFO] Fetching this week's meetings...
2026-06-11 11:22:54,850 [INFO] Fetching this week's meeting emails...
2026-06-11 11:23:08,102 [INFO] Telegram message sent.
2026-06-11 11:23:08,685 [INFO] Telegram message sent.
2026-06-11 11:23:09,103 [ERROR] Failed to send Telegram message: 400 Client Error: Bad Request for url: https://api.telegram.org/bot8840532206:AAGyu2jYLNfdijbfq1rTOgJQO7vbfNHxdVU/sendMessage
2026-06-11 11:23:10,041 [ERROR] Failed to send Telegram message: 400 Client Error: Bad Request for url: https://api.telegram.org/bot8840532206:AAGyu2jYLNfdijbfq1rTOgJQO7vbfNHxdVU/sendMessage
2026-06-11 11:23:10,984 [ERROR] Failed to send Telegram message: 400 Client Error: Bad Request for url: https://api.telegram.org/bot8840532206:AAGyu2jYLNfdijbfq1rTOgJQO7vbfNHxdVU/sendMessage
2026-06-11 11:23:11,923 [ERROR] Failed to send Telegram message: 400 Client Error: Bad Request for url: https://api.telegram.org/bot8840532206:AAGyu2jYLNfdijbfq1rTOgJQO7vbfNHxdVU/sendMessage
2026-06-11 11:23:12,887 [ERROR] Failed to send Telegram message: 400 Client Error: Bad Request for url: https://api.telegram.org/bot8840532206:AAGyu2jYLNfdijbfq1rTOgJQO7vbfNHxdVU/sendMessage
2026-06-11 11:23:13,851 [ERROR] Failed to send Telegram message: 400 Client Error: Bad Request for url: https://api.telegram.org/bot8840532206:AAGyu2jYLNfdijbfq1rTOgJQO7vbfNHxdVU/sendMessage
2026-06-11 11:23:14,354 [INFO] Weekly summary sent: 6 past, 0 upcoming.
2026-06-11 11:24:49,349 [INFO] Fetching this week's meetings...
2026-06-11 11:24:49,350 [INFO] Fetching this week's meeting emails...
2026-06-11 11:25:01,027 [INFO] Telegram message sent.
2026-06-11 11:25:01,523 [INFO] Telegram message sent.
2026-06-11 11:25:02,009 [ERROR] Failed to send Telegram message: 400 Client Error: Bad Request for url: https://api.telegram.org/bot8840532206:AAFckFn4HkN4uq_vwcdEptDcHVPCDPrGQmE/sendMessage
2026-06-11 11:25:02,953 [ERROR] Failed to send Telegram message: 400 Client Error: Bad Request for url: https://api.telegram.org/bot8840532206:AAFckFn4HkN4uq_vwcdEptDcHVPCDPrGQmE/sendMessage
2026-06-11 11:25:03,897 [ERROR] Failed to send Telegram message: 400 Client Error: Bad Request for url: https://api.telegram.org/bot8840532206:AAFckFn4HkN4uq_vwcdEptDcHVPCDPrGQmE/sendMessage
2026-06-11 11:25:04,846 [ERROR] Failed to send Telegram message: 400 Client Error: Bad Request for url: https://api.telegram.org/bot8840532206:AAFckFn4HkN4uq_vwcdEptDcHVPCDPrGQmE/sendMessage
2026-06-11 11:25:05,789 [ERROR] Failed to send Telegram message: 400 Client Error: Bad Request for url: https://api.telegram.org/bot8840532206:AAFckFn4HkN4uq_vwcdEptDcHVPCDPrGQmE/sendMessage
2026-06-11 11:25:06,725 [ERROR] Failed to send Telegram message: 400 Client Error: Bad Request for url: https://api.telegram.org/bot8840532206:AAFckFn4HkN4uq_vwcdEptDcHVPCDPrGQmE/sendMessage
2026-06-11 11:25:07,227 [INFO] Weekly summary sent: 6 past, 0 upcoming.
2026-06-11 12:02:32,501 [INFO] Zoho Meeting Bot started.
2026-06-11 12:02:33,002 [INFO] Telegram message sent.
2026-06-11 12:02:33,452 [INFO] Telegram webhook cleared (polling mode).
2026-06-11 12:02:33,453 [INFO] Refreshing upcoming meetings for reminders...
2026-06-11 12:02:43,418 [INFO] Checking Zoho Mail...
2026-06-11 12:02:44,620 [INFO] First run — only checking emails since 2026-06-04
2026-06-11 12:02:44,841 [INFO] Found 11 email(s) to check.
2026-06-11 12:02:52,508 [INFO] Meeting email found: Invitation: Pet Insurance- Online Meeting @ Wed Jun 10, 2026 4:30pm -
 5pm (GMT+3) (ahmed.farouk@beyond-solution.com)
2026-06-11 12:02:52,509 [ERROR] Unexpected error: 'No time zone found with key UTC'
Traceback (most recent call last):
  File "C:\Users\DAR-MG\AppData\Local\Programs\Python\Python314\Lib\zoneinfo\_common.py", line 12, in load_tzdata
    path = resources.files(package_name).joinpath(resource_name)
           ~~~~~~~~~~~~~~~^^^^^^^^^^^^^^
  File "C:\Users\DAR-MG\AppData\Local\Programs\Python\Python314\Lib\importlib\resources\_common.py", line 46, in wrapper
    return func(anchor)
  File "C:\Users\DAR-MG\AppData\Local\Programs\Python\Python314\Lib\importlib\resources\_common.py", line 56, in files
    return from_package(resolve(anchor))
                        ~~~~~~~^^^^^^^^
  File "C:\Users\DAR-MG\AppData\Local\Programs\Python\Python314\Lib\functools.py", line 982, in wrapper
    return dispatch(args[0].__class__)(*args, **kw)
           ~~~~~~~~~~~~~~~~~~~~~~~~~~~^^^^^^^^^^^^^
  File "C:\Users\DAR-MG\AppData\Local\Programs\Python\Python314\Lib\importlib\resources\_common.py", line 82, in _
    return importlib.import_module(cand)
           ~~~~~~~~~~~~~~~~~~~~~~~^^^^^^
  File "C:\Users\DAR-MG\AppData\Local\Programs\Python\Python314\Lib\importlib\__init__.py", line 88, in import_module
    return _bootstrap._gcd_import(name[level:], package, level)
           ~~~~~~~~~~~~~~~~~~~~~~^^^^^^^^^^^^^^^^^^^^^^^^^^^^^^
  File "<frozen importlib._bootstrap>", line 1406, in _gcd_import
  File "<frozen importlib._bootstrap>", line 1371, in _find_and_load
  File "<frozen importlib._bootstrap>", line 1314, in _find_and_load_unlocked
  File "<frozen importlib._bootstrap>", line 491, in _call_with_frames_removed
  File "<frozen importlib._bootstrap>", line 1406, in _gcd_import
  File "<frozen importlib._bootstrap>", line 1371, in _find_and_load
  File "<frozen importlib._bootstrap>", line 1314, in _find_and_load_unlocked
  File "<frozen importlib._bootstrap>", line 491, in _call_with_frames_removed
  File "<frozen importlib._bootstrap>", line 1406, in _gcd_import
  File "<frozen importlib._bootstrap>", line 1371, in _find_and_load
  File "<frozen importlib._bootstrap>", line 1335, in _find_and_load_unlocked
ModuleNotFoundError: No module named 'tzdata'

During handling of the above exception, another exception occurred:

Traceback (most recent call last):
  File "e:\zoho_meeting_bot.py", line 170, in local_tz
    return ZoneInfo(CONFIG["display_timezone"])
  File "C:\Users\DAR-MG\AppData\Local\Programs\Python\Python314\Lib\zoneinfo\_common.py", line 29, in load_tzdata
    raise ZoneInfoNotFoundError(f"No time zone found with key {key}")
zoneinfo._common.ZoneInfoNotFoundError: 'No time zone found with key Africa/Cairo'

During handling of the above exception, another exception occurred:

Traceback (most recent call last):
  File "C:\Users\DAR-MG\AppData\Local\Programs\Python\Python314\Lib\zoneinfo\_common.py", line 12, in load_tzdata
    path = resources.files(package_name).joinpath(resource_name)
           ~~~~~~~~~~~~~~~^^^^^^^^^^^^^^
  File "C:\Users\DAR-MG\AppData\Local\Programs\Python\Python314\Lib\importlib\resources\_common.py", line 46, in wrapper
    return func(anchor)
  File "C:\Users\DAR-MG\AppData\Local\Programs\Python\Python314\Lib\importlib\resources\_common.py", line 56, in files
    return from_package(resolve(anchor))
                        ~~~~~~~^^^^^^^^
  File "C:\Users\DAR-MG\AppData\Local\Programs\Python\Python314\Lib\functools.py", line 982, in wrapper
    return dispatch(args[0].__class__)(*args, **kw)
           ~~~~~~~~~~~~~~~~~~~~~~~~~~~^^^^^^^^^^^^^
  File "C:\Users\DAR-MG\AppData\Local\Programs\Python\Python314\Lib\importlib\resources\_common.py", line 82, in _
    return importlib.import_module(cand)
           ~~~~~~~~~~~~~~~~~~~~~~~^^^^^^
  File "C:\Users\DAR-MG\AppData\Local\Programs\Python\Python314\Lib\importlib\__init__.py", line 88, in import_module
    return _bootstrap._gcd_import(name[level:], package, level)
           ~~~~~~~~~~~~~~~~~~~~~~^^^^^^^^^^^^^^^^^^^^^^^^^^^^^^
  File "<frozen importlib._bootstrap>", line 1406, in _gcd_import
  File "<frozen importlib._bootstrap>", line 1371, in _find_and_load
  File "<frozen importlib._bootstrap>", line 1314, in _find_and_load_unlocked
  File "<frozen importlib._bootstrap>", line 491, in _call_with_frames_removed
  File "<frozen importlib._bootstrap>", line 1406, in _gcd_import
  File "<frozen importlib._bootstrap>", line 1371, in _find_and_load
  File "<frozen importlib._bootstrap>", line 1335, in _find_and_load_unlocked
ModuleNotFoundError: No module named 'tzdata'

During handling of the above exception, another exception occurred:

Traceback (most recent call last):
  File "e:\zoho_meeting_bot.py", line 1035, in check_email
    if send_telegram(format_meeting_card(record, mode="new")):
                     ~~~~~~~~~~~~~~~~~~~^^^^^^^^^^^^^^^^^^^^
  File "e:\zoho_meeting_bot.py", line 575, in format_meeting_card
    when_line = format_dt_range(start, end)
  File "e:\zoho_meeting_bot.py", line 281, in format_dt_range
    line = format_dt_local(start)
  File "e:\zoho_meeting_bot.py", line 276, in format_dt_local
    local = dt.astimezone(local_tz())
                          ~~~~~~~~^^
  File "e:\zoho_meeting_bot.py", line 172, in local_tz
    return ZoneInfo("UTC")
  File "C:\Users\DAR-MG\AppData\Local\Programs\Python\Python314\Lib\zoneinfo\_common.py", line 29, in load_tzdata
    raise ZoneInfoNotFoundError(f"No time zone found with key {key}")
zoneinfo._common.ZoneInfoNotFoundError: 'No time zone found with key UTC'
2026-06-11 12:02:52,982 [INFO] Telegram command received: /week
2026-06-11 12:02:53,587 [INFO] Telegram message sent.
2026-06-11 12:02:53,591 [INFO] Fetching this week's meeting emails...
2026-06-11 12:03:06,915 [INFO] Telegram message sent.
2026-06-11 12:03:07,405 [INFO] Telegram message sent.
2026-06-11 12:03:07,410 [ERROR] Unexpected error in weekly summary: 'No time zone found with key UTC'
Traceback (most recent call last):
  File "C:\Users\DAR-MG\AppData\Local\Programs\Python\Python314\Lib\zoneinfo\_common.py", line 12, in load_tzdata
    path = resources.files(package_name).joinpath(resource_name)
           ~~~~~~~~~~~~~~~^^^^^^^^^^^^^^
  File "C:\Users\DAR-MG\AppData\Local\Programs\Python\Python314\Lib\importlib\resources\_common.py", line 46, in wrapper
    return func(anchor)
  File "C:\Users\DAR-MG\AppData\Local\Programs\Python\Python314\Lib\importlib\resources\_common.py", line 56, in files
    return from_package(resolve(anchor))
                        ~~~~~~~^^^^^^^^
  File "C:\Users\DAR-MG\AppData\Local\Programs\Python\Python314\Lib\functools.py", line 982, in wrapper
    return dispatch(args[0].__class__)(*args, **kw)
           ~~~~~~~~~~~~~~~~~~~~~~~~~~~^^^^^^^^^^^^^
  File "C:\Users\DAR-MG\AppData\Local\Programs\Python\Python314\Lib\importlib\resources\_common.py", line 82, in _
    return importlib.import_module(cand)
           ~~~~~~~~~~~~~~~~~~~~~~~^^^^^^
  File "C:\Users\DAR-MG\AppData\Local\Programs\Python\Python314\Lib\importlib\__init__.py", line 88, in import_module
    return _bootstrap._gcd_import(name[level:], package, level)
           ~~~~~~~~~~~~~~~~~~~~~~^^^^^^^^^^^^^^^^^^^^^^^^^^^^^^
  File "<frozen importlib._bootstrap>", line 1406, in _gcd_import
  File "<frozen importlib._bootstrap>", line 1371, in _find_and_load
  File "<frozen importlib._bootstrap>", line 1314, in _find_and_load_unlocked
  File "<frozen importlib._bootstrap>", line 491, in _call_with_frames_removed
  File "<frozen importlib._bootstrap>", line 1406, in _gcd_import
  File "<frozen importlib._bootstrap>", line 1371, in _find_and_load
  File "<frozen importlib._bootstrap>", line 1314, in _find_and_load_unlocked
  File "<frozen importlib._bootstrap>", line 491, in _call_with_frames_removed
  File "<frozen importlib._bootstrap>", line 1406, in _gcd_import
  File "<frozen importlib._bootstrap>", line 1371, in _find_and_load
  File "<frozen importlib._bootstrap>", line 1335, in _find_and_load_unlocked
ModuleNotFoundError: No module named 'tzdata'

During handling of the above exception, another exception occurred:

Traceback (most recent call last):
  File "e:\zoho_meeting_bot.py", line 170, in local_tz
    return ZoneInfo(CONFIG["display_timezone"])
  File "C:\Users\DAR-MG\AppData\Local\Programs\Python\Python314\Lib\zoneinfo\_common.py", line 29, in load_tzdata
    raise ZoneInfoNotFoundError(f"No time zone found with key {key}")
zoneinfo._common.ZoneInfoNotFoundError: 'No time zone found with key Africa/Cairo'

During handling of the above exception, another exception occurred:

Traceback (most recent call last):
  File "C:\Users\DAR-MG\AppData\Local\Programs\Python\Python314\Lib\zoneinfo\_common.py", line 12, in load_tzdata
    path = resources.files(package_name).joinpath(resource_name)
           ~~~~~~~~~~~~~~~^^^^^^^^^^^^^^
  File "C:\Users\DAR-MG\AppData\Local\Programs\Python\Python314\Lib\importlib\resources\_common.py", line 46, in wrapper
    return func(anchor)
  File "C:\Users\DAR-MG\AppData\Local\Programs\Python\Python314\Lib\importlib\resources\_common.py", line 56, in files
    return from_package(resolve(anchor))
                        ~~~~~~~^^^^^^^^
  File "C:\Users\DAR-MG\AppData\Local\Programs\Python\Python314\Lib\functools.py", line 982, in wrapper
    return dispatch(args[0].__class__)(*args, **kw)
           ~~~~~~~~~~~~~~~~~~~~~~~~~~~^^^^^^^^^^^^^
  File "C:\Users\DAR-MG\AppData\Local\Programs\Python\Python314\Lib\importlib\resources\_common.py", line 82, in _
    return importlib.import_module(cand)
           ~~~~~~~~~~~~~~~~~~~~~~~^^^^^^
  File "C:\Users\DAR-MG\AppData\Local\Programs\Python\Python314\Lib\importlib\__init__.py", line 88, in import_module
    return _bootstrap._gcd_import(name[level:], package, level)
           ~~~~~~~~~~~~~~~~~~~~~~^^^^^^^^^^^^^^^^^^^^^^^^^^^^^^
  File "<frozen importlib._bootstrap>", line 1406, in _gcd_import
  File "<frozen importlib._bootstrap>", line 1371, in _find_and_load
  File "<frozen importlib._bootstrap>", line 1314, in _find_and_load_unlocked
  File "<frozen importlib._bootstrap>", line 491, in _call_with_frames_removed
  File "<frozen importlib._bootstrap>", line 1406, in _gcd_import
  File "<frozen importlib._bootstrap>", line 1371, in _find_and_load
  File "<frozen importlib._bootstrap>", line 1335, in _find_and_load_unlocked
ModuleNotFoundError: No module named 'tzdata'

During handling of the above exception, another exception occurred:

Traceback (most recent call last):
  File "e:\zoho_meeting_bot.py", line 978, in get_this_week_meetings
    compact = "\n\n".join(
        format_week_compact(r, is_past=True)
        for r in sorted(past_meetings, key=lambda x: x["start"])
    )
  File "e:\zoho_meeting_bot.py", line 979, in <genexpr>
    format_week_compact(r, is_past=True)
    ~~~~~~~~~~~~~~~~~~~^^^^^^^^^^^^^^^^^
  File "e:\zoho_meeting_bot.py", line 626, in format_week_compact
    time_str = format_dt_local(start)
  File "e:\zoho_meeting_bot.py", line 276, in format_dt_local
    local = dt.astimezone(local_tz())
                          ~~~~~~~~^^
  File "e:\zoho_meeting_bot.py", line 172, in local_tz
    return ZoneInfo("UTC")
  File "C:\Users\DAR-MG\AppData\Local\Programs\Python\Python314\Lib\zoneinfo\_common.py", line 29, in load_tzdata
    raise ZoneInfoNotFoundError(f"No time zone found with key {key}")
zoneinfo._common.ZoneInfoNotFoundError: 'No time zone found with key UTC'
2026-06-11 12:03:07,924 [INFO] Telegram message sent.
2026-06-11 12:03:07,925 [INFO] Telegram command received: /week
2026-06-11 12:03:08,459 [INFO] Telegram message sent.
2026-06-11 12:03:08,463 [INFO] Fetching this week's meeting emails...
2026-06-11 12:03:17,411 [INFO] Telegram message sent.
2026-06-11 12:03:17,945 [INFO] Telegram message sent.
2026-06-11 12:03:17,947 [ERROR] Unexpected error in weekly summary: 'No time zone found with key UTC'
Traceback (most recent call last):
  File "C:\Users\DAR-MG\AppData\Local\Programs\Python\Python314\Lib\zoneinfo\_common.py", line 12, in load_tzdata
    path = resources.files(package_name).joinpath(resource_name)
           ~~~~~~~~~~~~~~~^^^^^^^^^^^^^^
  File "C:\Users\DAR-MG\AppData\Local\Programs\Python\Python314\Lib\importlib\resources\_common.py", line 46, in wrapper
    return func(anchor)
  File "C:\Users\DAR-MG\AppData\Local\Programs\Python\Python314\Lib\importlib\resources\_common.py", line 56, in files
    return from_package(resolve(anchor))
                        ~~~~~~~^^^^^^^^
  File "C:\Users\DAR-MG\AppData\Local\Programs\Python\Python314\Lib\functools.py", line 982, in wrapper
    return dispatch(args[0].__class__)(*args, **kw)
           ~~~~~~~~~~~~~~~~~~~~~~~~~~~^^^^^^^^^^^^^
  File "C:\Users\DAR-MG\AppData\Local\Programs\Python\Python314\Lib\importlib\resources\_common.py", line 82, in _
    return importlib.import_module(cand)
           ~~~~~~~~~~~~~~~~~~~~~~~^^^^^^
  File "C:\Users\DAR-MG\AppData\Local\Programs\Python\Python314\Lib\importlib\__init__.py", line 88, in import_module
    return _bootstrap._gcd_import(name[level:], package, level)
           ~~~~~~~~~~~~~~~~~~~~~~^^^^^^^^^^^^^^^^^^^^^^^^^^^^^^
  File "<frozen importlib._bootstrap>", line 1406, in _gcd_import
  File "<frozen importlib._bootstrap>", line 1371, in _find_and_load
  File "<frozen importlib._bootstrap>", line 1314, in _find_and_load_unlocked
  File "<frozen importlib._bootstrap>", line 491, in _call_with_frames_removed
  File "<frozen importlib._bootstrap>", line 1406, in _gcd_import
  File "<frozen importlib._bootstrap>", line 1371, in _find_and_load
  File "<frozen importlib._bootstrap>", line 1314, in _find_and_load_unlocked
  File "<frozen importlib._bootstrap>", line 491, in _call_with_frames_removed
  File "<frozen importlib._bootstrap>", line 1406, in _gcd_import
  File "<frozen importlib._bootstrap>", line 1371, in _find_and_load
  File "<frozen importlib._bootstrap>", line 1335, in _find_and_load_unlocked
ModuleNotFoundError: No module named 'tzdata'

During handling of the above exception, another exception occurred:

Traceback (most recent call last):
  File "e:\zoho_meeting_bot.py", line 170, in local_tz
    return ZoneInfo(CONFIG["display_timezone"])
  File "C:\Users\DAR-MG\AppData\Local\Programs\Python\Python314\Lib\zoneinfo\_common.py", line 29, in load_tzdata
    raise ZoneInfoNotFoundError(f"No time zone found with key {key}")
zoneinfo._common.ZoneInfoNotFoundError: 'No time zone found with key Africa/Cairo'

During handling of the above exception, another exception occurred:

Traceback (most recent call last):
  File "C:\Users\DAR-MG\AppData\Local\Programs\Python\Python314\Lib\zoneinfo\_common.py", line 12, in load_tzdata
    path = resources.files(package_name).joinpath(resource_name)
           ~~~~~~~~~~~~~~~^^^^^^^^^^^^^^
  File "C:\Users\DAR-MG\AppData\Local\Programs\Python\Python314\Lib\importlib\resources\_common.py", line 46, in wrapper
    return func(anchor)
  File "C:\Users\DAR-MG\AppData\Local\Programs\Python\Python314\Lib\importlib\resources\_common.py", line 56, in files
    return from_package(resolve(anchor))
                        ~~~~~~~^^^^^^^^
  File "C:\Users\DAR-MG\AppData\Local\Programs\Python\Python314\Lib\functools.py", line 982, in wrapper
    return dispatch(args[0].__class__)(*args, **kw)
           ~~~~~~~~~~~~~~~~~~~~~~~~~~~^^^^^^^^^^^^^
  File "C:\Users\DAR-MG\AppData\Local\Programs\Python\Python314\Lib\importlib\resources\_common.py", line 82, in _
    return importlib.import_module(cand)
           ~~~~~~~~~~~~~~~~~~~~~~~^^^^^^
  File "C:\Users\DAR-MG\AppData\Local\Programs\Python\Python314\Lib\importlib\__init__.py", line 88, in import_module
    return _bootstrap._gcd_import(name[level:], package, level)
           ~~~~~~~~~~~~~~~~~~~~~~^^^^^^^^^^^^^^^^^^^^^^^^^^^^^^
  File "<frozen importlib._bootstrap>", line 1406, in _gcd_import
  File "<frozen importlib._bootstrap>", line 1371, in _find_and_load
  File "<frozen importlib._bootstrap>", line 1314, in _find_and_load_unlocked
  File "<frozen importlib._bootstrap>", line 491, in _call_with_frames_removed
  File "<frozen importlib._bootstrap>", line 1406, in _gcd_import
  File "<frozen importlib._bootstrap>", line 1371, in _find_and_load
  File "<frozen importlib._bootstrap>", line 1335, in _find_and_load_unlocked
ModuleNotFoundError: No module named 'tzdata'

During handling of the above exception, another exception occurred:

Traceback (most recent call last):
  File "e:\zoho_meeting_bot.py", line 978, in get_this_week_meetings
    compact = "\n\n".join(
        format_week_compact(r, is_past=True)
        for r in sorted(past_meetings, key=lambda x: x["start"])
    )
  File "e:\zoho_meeting_bot.py", line 979, in <genexpr>
    format_week_compact(r, is_past=True)
    ~~~~~~~~~~~~~~~~~~~^^^^^^^^^^^^^^^^^
  File "e:\zoho_meeting_bot.py", line 626, in format_week_compact
    time_str = format_dt_local(start)
  File "e:\zoho_meeting_bot.py", line 276, in format_dt_local
    local = dt.astimezone(local_tz())
                          ~~~~~~~~^^
  File "e:\zoho_meeting_bot.py", line 172, in local_tz
    return ZoneInfo("UTC")
  File "C:\Users\DAR-MG\AppData\Local\Programs\Python\Python314\Lib\zoneinfo\_common.py", line 29, in load_tzdata
    raise ZoneInfoNotFoundError(f"No time zone found with key {key}")
zoneinfo._common.ZoneInfoNotFoundError: 'No time zone found with key UTC'
2026-06-11 12:03:18,426 [INFO] Telegram message sent.
2026-06-11 12:03:18,430 [INFO] Telegram command received: /week
2026-06-11 12:03:18,950 [INFO] Telegram message sent.
2026-06-11 12:03:18,954 [INFO] Fetching this week's meeting emails...
2026-06-11 12:03:36,883 [INFO] Telegram message sent.
2026-06-11 12:03:37,421 [INFO] Telegram message sent.
2026-06-11 12:03:37,426 [ERROR] Unexpected error in weekly summary: 'No time zone found with key UTC'
Traceback (most recent call last):
  File "C:\Users\DAR-MG\AppData\Local\Programs\Python\Python314\Lib\zoneinfo\_common.py", line 12, in load_tzdata
    path = resources.files(package_name).joinpath(resource_name)
           ~~~~~~~~~~~~~~~^^^^^^^^^^^^^^
  File "C:\Users\DAR-MG\AppData\Local\Programs\Python\Python314\Lib\importlib\resources\_common.py", line 46, in wrapper
    return func(anchor)
  File "C:\Users\DAR-MG\AppData\Local\Programs\Python\Python314\Lib\importlib\resources\_common.py", line 56, in files
    return from_package(resolve(anchor))
                        ~~~~~~~^^^^^^^^
  File "C:\Users\DAR-MG\AppData\Local\Programs\Python\Python314\Lib\functools.py", line 982, in wrapper
    return dispatch(args[0].__class__)(*args, **kw)
           ~~~~~~~~~~~~~~~~~~~~~~~~~~~^^^^^^^^^^^^^
  File "C:\Users\DAR-MG\AppData\Local\Programs\Python\Python314\Lib\importlib\resources\_common.py", line 82, in _
    return importlib.import_module(cand)
           ~~~~~~~~~~~~~~~~~~~~~~~^^^^^^
  File "C:\Users\DAR-MG\AppData\Local\Programs\Python\Python314\Lib\importlib\__init__.py", line 88, in import_module
    return _bootstrap._gcd_import(name[level:], package, level)
           ~~~~~~~~~~~~~~~~~~~~~~^^^^^^^^^^^^^^^^^^^^^^^^^^^^^^
  File "<frozen importlib._bootstrap>", line 1406, in _gcd_import
  File "<frozen importlib._bootstrap>", line 1371, in _find_and_load
  File "<frozen importlib._bootstrap>", line 1314, in _find_and_load_unlocked
  File "<frozen importlib._bootstrap>", line 491, in _call_with_frames_removed
  File "<frozen importlib._bootstrap>", line 1406, in _gcd_import
  File "<frozen importlib._bootstrap>", line 1371, in _find_and_load
  File "<frozen importlib._bootstrap>", line 1314, in _find_and_load_unlocked
  File "<frozen importlib._bootstrap>", line 491, in _call_with_frames_removed
  File "<frozen importlib._bootstrap>", line 1406, in _gcd_import
  File "<frozen importlib._bootstrap>", line 1371, in _find_and_load
  File "<frozen importlib._bootstrap>", line 1335, in _find_and_load_unlocked
ModuleNotFoundError: No module named 'tzdata'

During handling of the above exception, another exception occurred:

Traceback (most recent call last):
  File "e:\zoho_meeting_bot.py", line 170, in local_tz
    return ZoneInfo(CONFIG["display_timezone"])
  File "C:\Users\DAR-MG\AppData\Local\Programs\Python\Python314\Lib\zoneinfo\_common.py", line 29, in load_tzdata
    raise ZoneInfoNotFoundError(f"No time zone found with key {key}")
zoneinfo._common.ZoneInfoNotFoundError: 'No time zone found with key Africa/Cairo'

During handling of the above exception, another exception occurred:

Traceback (most recent call last):
  File "C:\Users\DAR-MG\AppData\Local\Programs\Python\Python314\Lib\zoneinfo\_common.py", line 12, in load_tzdata
    path = resources.files(package_name).joinpath(resource_name)
           ~~~~~~~~~~~~~~~^^^^^^^^^^^^^^
  File "C:\Users\DAR-MG\AppData\Local\Programs\Python\Python314\Lib\importlib\resources\_common.py", line 46, in wrapper
    return func(anchor)
  File "C:\Users\DAR-MG\AppData\Local\Programs\Python\Python314\Lib\importlib\resources\_common.py", line 56, in files
    return from_package(resolve(anchor))
                        ~~~~~~~^^^^^^^^
  File "C:\Users\DAR-MG\AppData\Local\Programs\Python\Python314\Lib\functools.py", line 982, in wrapper
    return dispatch(args[0].__class__)(*args, **kw)
           ~~~~~~~~~~~~~~~~~~~~~~~~~~~^^^^^^^^^^^^^
  File "C:\Users\DAR-MG\AppData\Local\Programs\Python\Python314\Lib\importlib\resources\_common.py", line 82, in _
    return importlib.import_module(cand)
           ~~~~~~~~~~~~~~~~~~~~~~~^^^^^^
  File "C:\Users\DAR-MG\AppData\Local\Programs\Python\Python314\Lib\importlib\__init__.py", line 88, in import_module
    return _bootstrap._gcd_import(name[level:], package, level)
           ~~~~~~~~~~~~~~~~~~~~~~^^^^^^^^^^^^^^^^^^^^^^^^^^^^^^
  File "<frozen importlib._bootstrap>", line 1406, in _gcd_import
  File "<frozen importlib._bootstrap>", line 1371, in _find_and_load
  File "<frozen importlib._bootstrap>", line 1314, in _find_and_load_unlocked
  File "<frozen importlib._bootstrap>", line 491, in _call_with_frames_removed
  File "<frozen importlib._bootstrap>", line 1406, in _gcd_import
  File "<frozen importlib._bootstrap>", line 1371, in _find_and_load
  File "<frozen importlib._bootstrap>", line 1335, in _find_and_load_unlocked
ModuleNotFoundError: No module named 'tzdata'

During handling of the above exception, another exception occurred:

Traceback (most recent call last):
  File "e:\zoho_meeting_bot.py", line 978, in get_this_week_meetings
    compact = "\n\n".join(
        format_week_compact(r, is_past=True)
        for r in sorted(past_meetings, key=lambda x: x["start"])
    )
  File "e:\zoho_meeting_bot.py", line 979, in <genexpr>
    format_week_compact(r, is_past=True)
    ~~~~~~~~~~~~~~~~~~~^^^^^^^^^^^^^^^^^
  File "e:\zoho_meeting_bot.py", line 626, in format_week_compact
    time_str = format_dt_local(start)
  File "e:\zoho_meeting_bot.py", line 276, in format_dt_local
    local = dt.astimezone(local_tz())
                          ~~~~~~~~^^
  File "e:\zoho_meeting_bot.py", line 172, in local_tz
    return ZoneInfo("UTC")
  File "C:\Users\DAR-MG\AppData\Local\Programs\Python\Python314\Lib\zoneinfo\_common.py", line 29, in load_tzdata
    raise ZoneInfoNotFoundError(f"No time zone found with key {key}")
zoneinfo._common.ZoneInfoNotFoundError: 'No time zone found with key UTC'
2026-06-11 12:03:37,949 [INFO] Telegram message sent.
2026-06-11 12:03:38,401 [INFO] Telegram command received: /week
2026-06-11 12:03:38,894 [INFO] Telegram message sent.
2026-06-11 12:03:38,897 [INFO] Fetching this week's meeting emails...
2026-06-11 12:03:47,865 [INFO] Telegram message sent.
2026-06-11 12:03:48,333 [INFO] Telegram message sent.
2026-06-11 12:03:48,337 [ERROR] Unexpected error in weekly summary: 'No time zone found with key UTC'
Traceback (most recent call last):
  File "C:\Users\DAR-MG\AppData\Local\Programs\Python\Python314\Lib\zoneinfo\_common.py", line 12, in load_tzdata
    path = resources.files(package_name).joinpath(resource_name)
           ~~~~~~~~~~~~~~~^^^^^^^^^^^^^^
  File "C:\Users\DAR-MG\AppData\Local\Programs\Python\Python314\Lib\importlib\resources\_common.py", line 46, in wrapper
    return func(anchor)
  File "C:\Users\DAR-MG\AppData\Local\Programs\Python\Python314\Lib\importlib\resources\_common.py", line 56, in files
    return from_package(resolve(anchor))
                        ~~~~~~~^^^^^^^^
  File "C:\Users\DAR-MG\AppData\Local\Programs\Python\Python314\Lib\functools.py", line 982, in wrapper
    return dispatch(args[0].__class__)(*args, **kw)
           ~~~~~~~~~~~~~~~~~~~~~~~~~~~^^^^^^^^^^^^^
  File "C:\Users\DAR-MG\AppData\Local\Programs\Python\Python314\Lib\importlib\resources\_common.py", line 82, in _
    return importlib.import_module(cand)
           ~~~~~~~~~~~~~~~~~~~~~~~^^^^^^
  File "C:\Users\DAR-MG\AppData\Local\Programs\Python\Python314\Lib\importlib\__init__.py", line 88, in import_module
    return _bootstrap._gcd_import(name[level:], package, level)
           ~~~~~~~~~~~~~~~~~~~~~~^^^^^^^^^^^^^^^^^^^^^^^^^^^^^^
  File "<frozen importlib._bootstrap>", line 1406, in _gcd_import
  File "<frozen importlib._bootstrap>", line 1371, in _find_and_load
  File "<frozen importlib._bootstrap>", line 1314, in _find_and_load_unlocked
  File "<frozen importlib._bootstrap>", line 491, in _call_with_frames_removed
  File "<frozen importlib._bootstrap>", line 1406, in _gcd_import
  File "<frozen importlib._bootstrap>", line 1371, in _find_and_load
  File "<frozen importlib._bootstrap>", line 1314, in _find_and_load_unlocked
  File "<frozen importlib._bootstrap>", line 491, in _call_with_frames_removed
  File "<frozen importlib._bootstrap>", line 1406, in _gcd_import
  File "<frozen importlib._bootstrap>", line 1371, in _find_and_load
  File "<frozen importlib._bootstrap>", line 1335, in _find_and_load_unlocked
ModuleNotFoundError: No module named 'tzdata'

During handling of the above exception, another exception occurred:

Traceback (most recent call last):
  File "e:\zoho_meeting_bot.py", line 170, in local_tz
    return ZoneInfo(CONFIG["display_timezone"])
  File "C:\Users\DAR-MG\AppData\Local\Programs\Python\Python314\Lib\zoneinfo\_common.py", line 29, in load_tzdata
    raise ZoneInfoNotFoundError(f"No time zone found with key {key}")
zoneinfo._common.ZoneInfoNotFoundError: 'No time zone found with key Africa/Cairo'

During handling of the above exception, another exception occurred:

Traceback (most recent call last):
  File "C:\Users\DAR-MG\AppData\Local\Programs\Python\Python314\Lib\zoneinfo\_common.py", line 12, in load_tzdata
    path = resources.files(package_name).joinpath(resource_name)
           ~~~~~~~~~~~~~~~^^^^^^^^^^^^^^
  File "C:\Users\DAR-MG\AppData\Local\Programs\Python\Python314\Lib\importlib\resources\_common.py", line 46, in wrapper
    return func(anchor)
  File "C:\Users\DAR-MG\AppData\Local\Programs\Python\Python314\Lib\importlib\resources\_common.py", line 56, in files
    return from_package(resolve(anchor))
                        ~~~~~~~^^^^^^^^
  File "C:\Users\DAR-MG\AppData\Local\Programs\Python\Python314\Lib\functools.py", line 982, in wrapper
    return dispatch(args[0].__class__)(*args, **kw)
           ~~~~~~~~~~~~~~~~~~~~~~~~~~~^^^^^^^^^^^^^
  File "C:\Users\DAR-MG\AppData\Local\Programs\Python\Python314\Lib\importlib\resources\_common.py", line 82, in _
    return importlib.import_module(cand)
           ~~~~~~~~~~~~~~~~~~~~~~~^^^^^^
  File "C:\Users\DAR-MG\AppData\Local\Programs\Python\Python314\Lib\importlib\__init__.py", line 88, in import_module
    return _bootstrap._gcd_import(name[level:], package, level)
           ~~~~~~~~~~~~~~~~~~~~~~^^^^^^^^^^^^^^^^^^^^^^^^^^^^^^
  File "<frozen importlib._bootstrap>", line 1406, in _gcd_import
  File "<frozen importlib._bootstrap>", line 1371, in _find_and_load
  File "<frozen importlib._bootstrap>", line 1314, in _find_and_load_unlocked
  File "<frozen importlib._bootstrap>", line 491, in _call_with_frames_removed
  File "<frozen importlib._bootstrap>", line 1406, in _gcd_import
  File "<frozen importlib._bootstrap>", line 1371, in _find_and_load
  File "<frozen importlib._bootstrap>", line 1335, in _find_and_load_unlocked
ModuleNotFoundError: No module named 'tzdata'

During handling of the above exception, another exception occurred:

Traceback (most recent call last):
  File "e:\zoho_meeting_bot.py", line 978, in get_this_week_meetings
    compact = "\n\n".join(
        format_week_compact(r, is_past=True)
        for r in sorted(past_meetings, key=lambda x: x["start"])
    )
  File "e:\zoho_meeting_bot.py", line 979, in <genexpr>
    format_week_compact(r, is_past=True)
    ~~~~~~~~~~~~~~~~~~~^^^^^^^^^^^^^^^^^
  File "e:\zoho_meeting_bot.py", line 626, in format_week_compact
    time_str = format_dt_local(start)
  File "e:\zoho_meeting_bot.py", line 276, in format_dt_local
    local = dt.astimezone(local_tz())
                          ~~~~~~~~^^
  File "e:\zoho_meeting_bot.py", line 172, in local_tz
    return ZoneInfo("UTC")
  File "C:\Users\DAR-MG\AppData\Local\Programs\Python\Python314\Lib\zoneinfo\_common.py", line 29, in load_tzdata
    raise ZoneInfoNotFoundError(f"No time zone found with key {key}")
zoneinfo._common.ZoneInfoNotFoundError: 'No time zone found with key UTC'
2026-06-11 12:03:48,811 [INFO] Telegram message sent.
2026-06-11 12:03:48,815 [INFO] Telegram command received: /today
2026-06-11 12:03:49,310 [INFO] Telegram message sent.
2026-06-11 12:03:49,313 [INFO] Fetching today's meetings...
2026-06-11 12:11:31,863 [INFO] Bot started. Data dir: e:\
2026-06-11 12:11:32,383 [INFO] Telegram message sent.
2026-06-11 12:11:32,823 [INFO] Telegram webhook cleared.
2026-06-11 12:11:43,197 [INFO] Checking Zoho Mail...
2026-06-11 12:11:49,134 [INFO] Meeting email: Invitation: Pet Insurance- Online Meeting @ Wed Jun 10, 2026 4:30pm -
 5pm (GMT+3) (ahmed.farouk@beyond-solution.com)
2026-06-11 12:11:49,602 [INFO] Telegram message sent.
2026-06-11 12:11:49,831 [INFO] Meeting email: Reminder: Pet Insurance- Online Meeting @ Wed Jun 10, 2026 04:30
 pm - 05:00 pm (Africa/Cairo)
2026-06-11 12:11:50,301 [INFO] Telegram message sent.
2026-06-11 12:11:50,535 [INFO] Meeting email: Updated invitation: Pet Insurance- Online Meeting @ Wed Jun 10, 2026
 5pm - 5:30pm (GMT+3) (ahmed.farouk@beyond-solution.com)
2026-06-11 12:11:50,536 [INFO] Skipping duplicate meeting notification: Pet Insurance- Online Meeting
2026-06-11 12:11:50,762 [INFO] Meeting email: Reminder: Pet Insurance- Online Meeting @ Wed Jun 10, 2026 05:00
 pm - 05:30 pm (Africa/Cairo)
2026-06-11 12:11:51,209 [INFO] Telegram message sent.
2026-06-11 12:11:54,151 [INFO] Meeting email: RE: Pet Insurance- Online Meeting
2026-06-11 12:11:54,623 [INFO] Telegram message sent.
2026-06-11 12:11:54,873 [INFO] Meeting email: Updated invitation: Pet Insurance- Online Meeting @ Wed Jun 10, 2026
 5pm - 5:30pm (GMT+3) (ahmed.farouk@beyond-solution.com)
2026-06-11 12:11:54,875 [INFO] Skipping duplicate meeting notification: Pet Insurance- Online Meeting
2026-06-11 12:11:55,068 [INFO] Done. 4 new meeting notification(s).
2026-06-11 12:11:55,490 [INFO] Command: /week
2026-06-11 12:11:55,949 [INFO] Telegram message sent.
2026-06-11 12:12:04,920 [INFO] Telegram message sent.
2026-06-11 12:12:05,418 [INFO] Telegram message sent.
2026-06-11 12:12:06,306 [INFO] Telegram message sent.
2026-06-11 12:12:07,197 [INFO] Telegram message sent.
2026-06-11 12:12:08,088 [INFO] Telegram message sent.
2026-06-11 12:12:08,955 [INFO] Telegram message sent.
2026-06-11 12:12:09,357 [INFO] Command: /today
2026-06-11 12:12:09,912 [INFO] Telegram message sent.
2026-06-11 12:12:20,734 [INFO] Telegram message sent.
2026-06-11 12:12:20,737 [INFO] Command: /week
2026-06-11 12:12:21,326 [INFO] Telegram message sent.
2026-06-11 12:12:31,196 [INFO] Telegram message sent.
2026-06-11 12:12:31,664 [INFO] Telegram message sent.
2026-06-11 12:12:32,535 [INFO] Telegram message sent.
2026-06-11 12:12:33,413 [INFO] Telegram message sent.
2026-06-11 12:12:34,366 [INFO] Telegram message sent.
2026-06-11 12:12:35,311 [INFO] Telegram message sent.
2026-06-11 12:17:45,326 [INFO] Checking Zoho Mail...
2026-06-11 12:17:47,140 [INFO] Meeting email: Access from anywhere, anytime!
2026-06-11 12:17:47,616 [INFO] Telegram message sent.
2026-06-11 12:17:48,018 [INFO] Meeting email: Welcome to Zoho Mail
2026-06-11 12:17:48,509 [INFO] Telegram message sent.
2026-06-11 12:17:55,008 [INFO] Done. 2 new meeting notification(s).
